make[1]: Entering directory '/home/nik/rk-kernel/out'
  GEN     ./Makefile
scripts/kconfig/conf  --silentoldconfig Kconfig
  CHK     include/config/kernel.release
  GEN     ./Makefile
  CHK     include/generated/uapi/linux/version.h
  Using .. as source for kernel
grep: include/linux/mali/mali_utgard_uk_types.h: No such file or directory
  CHK     include/generated/utsrelease.h
  CHK     scripts/mod/devicetable-offsets.h
  CHK     include/generated/timeconst.h
  CHK     include/generated/bounds.h
  CHK     include/generated/asm-offsets.h
  CALL    ../scripts/checksyscalls.sh
make[2]: 'include/generated/vdso-offsets.h' is up to date.
  CHK     include/generated/compile.h
  GZIP    kernel/config_data.gz
  CHK     kernel/config_data.h
  DTC     arch/arm64/boot/dts/rockchip/rockpi-4b-linux.dtb
grep: include/linux/mali/mali_utgard_uk_types.h: No such file or directory
  OBJCOPY arch/arm64/boot/Image
  Building modules, stage 2.
  MODPOST 2 modules
make[1]: Leaving directory '/home/nik/rk-kernel/out'
